<?xml version="1.0" encoding="UTF-8" standalone="no"?><?xml-stylesheet type="text/xsl" href="C:/Users/luka/Desktop/fri/4_semester/Prevajalniki_In_Navidezni_Stroji/dn/dn5/pins/data/seman.xsl"?><seman><node label="Source"><node label="Decls"><node label="TypDecl" lexeme="novTip"><node label="AtomType" spec="INT"><location loc="1.14--1.16"/><type label="INT"/></node><location loc="1.1--1.3"/><type label="TYPE" name="novTip"/></node><node label="TypDecl" lexeme="novNovTip"><node label="TypeName" lexeme="novTip"><location loc="2.17--2.22"/><declaredAt location="1.1--1.3"/><type label="INT"/></node><location loc="2.1--2.3"/><type label="TYPE" name="novNovTip"/></node><node label="TypDecl" lexeme="novCharTip"><node label="AtomType" spec="CHAR"><location loc="3.18--3.21"/><type label="CHAR"/></node><location loc="3.1--3.3"/><type label="TYPE" name="novCharTip"/></node><node label="VarDecl" lexeme="i"><node label="AtomType" spec="INT"><location loc="4.9--4.11"/><type label="INT"/></node><location loc="4.1--4.3"/></node><node label="VarDecl" lexeme="j"><node label="TypeName" lexeme="novTip"><location loc="5.9--5.14"/><declaredAt location="1.1--1.3"/><type label="INT"/></node><location loc="5.1--5.3"/></node><node label="VarDecl" lexeme="k"><node label="TypeName" lexeme="novNovTip"><location loc="6.9--6.17"/><declaredAt location="2.1--2.3"/><type label="INT"/></node><location loc="6.1--6.3"/></node><node label="VarDecl" lexeme="y"><node label="TypeName" lexeme="novCharTip"><location loc="7.9--7.18"/><declaredAt location="3.1--3.3"/><type label="CHAR"/></node><location loc="7.1--7.3"/></node><node label="VarDecl" lexeme="x"><node label="AtomType" spec="CHAR"><location loc="9.9--9.12"/><type label="CHAR"/></node><location loc="9.1--9.3"/></node><node label="VarDecl" lexeme="count"><node label="AtomType" spec="INT"><location loc="12.12--12.14"/><type label="INT"/></node><location loc="12.1--12.3"/></node><node label="VarDecl" lexeme="res"><node label="AtomType" spec="INT"><location loc="13.10--13.12"/><type label="INT"/></node><location loc="13.1--13.3"/></node><node label="VarDecl" lexeme="r1"><node label="AtomType" spec="BOOL"><location loc="14.10--14.13"/><type label="BOOL"/></node><location loc="14.1--14.3"/></node><node label="VarDecl" lexeme="r2"><node label="AtomType" spec="BOOL"><location loc="15.10--15.13"/><type label="BOOL"/></node><location loc="15.1--15.3"/></node><node label="FunDef" lexeme="fibb"><node label="ParDecls"><node label="ParDecl" lexeme="n"><node label="AtomType" spec="INT"><location loc="17.13--17.15"/><type label="INT"/></node><location loc="17.11--17.15"/></node><node label="ParDecl" lexeme="b"><node label="AtomType" spec="BOOL"><location loc="17.22--17.25"/><type label="BOOL"/></node><location loc="17.22--17.25"/></node><node label="ParDecl" lexeme="tmp"><node label="TypeName" lexeme="novCharTip"><location loc="17.34--17.43"/><declaredAt location="3.1--3.3"/><type label="CHAR"/></node><location loc="17.34--17.43"/></node><location loc="17.11--17.43"/></node><node label="AtomType" spec="INT"><location loc="17.48--17.50"/></node><node label="BlockExpr"><node label="Decls"><node label="TypDecl" lexeme="x"><node label="TypeName" lexeme="x"><location loc="28.21--28.21"/><declaredAt location="28.13--28.15"/></node><location loc="28.13--28.15"/></node><location loc="28.13--28.15"/></node><node label="Stmts"><node label="AssignStmt"><node label="VarName" lexeme="count"><location loc="18.5--18.9"/><declaredAt location="12.1--12.3"/><addr/></node><node label="VarName" lexeme="n"><location loc="18.13--18.13"/><declaredAt location="17.11--17.15"/><addr/></node><location loc="18.5--18.13"/></node><node label="AssignStmt"><node label="VarName" lexeme="res"><location loc="19.3--19.5"/><declaredAt location="13.1--13.3"/><addr/></node><node label="BinExpr" spec="ADD"><node label="AtomExpr" lexeme="1" spec="INT"><location loc="19.10--19.10"/></node><node label="BinExpr" spec="ADD"><node label="AtomExpr" lexeme="0" spec="INT"><location loc="19.12--19.12"/></node><node label="BinExpr" spec="ADD"><node label="AtomExpr" lexeme="0" spec="INT"><location loc="19.14--19.14"/></node><node label="BinExpr" spec="ADD"><node label="AtomExpr" lexeme="0" spec="INT"><location loc="19.16--19.16"/></node><node label="AtomExpr" lexeme="2" spec="INT"><location loc="19.20--19.20"/></node><location loc="19.18--19.20"/></node><location loc="19.15--19.20"/></node><location loc="19.13--19.20"/></node><location loc="19.11--19.20"/></node><location loc="19.3--19.20"/></node><node label="WhileStmt"><node label="BinExpr" spec="GTH"><node label="VarName" lexeme="count"><location loc="20.11--20.15"/><declaredAt location="12.1--12.3"/><addr/></node><node label="AtomExpr" lexeme="2" spec="INT"><location loc="20.19--20.19"/></node><location loc="20.17--20.19"/></node><node label="Stmts"><node label="IfStmt"><node label="BinExpr" spec="EQU"><node label="BinExpr" spec="MOD"><node label="VarName" lexeme="count"><location loc="21.12--21.16"/><declaredAt location="12.1--12.3"/><addr/></node><node label="AtomExpr" lexeme="2" spec="INT"><location loc="21.20--21.20"/></node><location loc="21.18--21.20"/></node><node label="AtomExpr" lexeme="0" spec="INT"><location loc="21.24--21.24"/></node><location loc="21.22--21.24"/></node><node label="Stmts"><node label="AssignStmt"><node label="VarName" lexeme="r1"><location loc="23.13--23.14"/><declaredAt location="14.1--14.3"/><addr/></node><node label="BinExpr" spec="ADD"><node label="VarName" lexeme="r1"><location loc="23.18--23.19"/><declaredAt location="14.1--14.3"/><addr/></node><node label="VarName" lexeme="r2"><location loc="23.23--23.24"/><declaredAt location="15.1--15.3"/><addr/></node><location loc="23.21--23.24"/></node><location loc="23.13--23.24"/></node><location loc="23.13--23.24"/></node><node label="Stmts"><node label="AssignStmt"><node label="VarName" lexeme="r2"><location loc="25.13--25.14"/><declaredAt location="15.1--15.3"/><addr/></node><node label="BinExpr" spec="ADD"><node label="VarName" lexeme="r1"><location loc="25.18--25.19"/><declaredAt location="14.1--14.3"/><addr/></node><node label="VarName" lexeme="r2"><location loc="25.23--25.24"/><declaredAt location="15.1--15.3"/><addr/></node><location loc="25.21--25.24"/></node><location loc="25.13--25.24"/></node><location loc="25.13--25.24"/></node><location loc="21.9--26.11"/></node><location loc="21.9--26.11"/></node><location loc="20.5--27.7"/></node><location loc="18.5--27.7"/></node><node label="VarName" lexeme="x"><location loc="28.3--28.3"/><declaredAt location="28.13--28.15"/><addr/></node><location loc="17.52--28.23"/></node><location loc="17.1--28.23"/></node><location loc="1.1--28.23"/></node><location loc="2.1--28.23"/></node></seman>