<?xml version="1.0" encoding="UTF-8" standalone="no"?><?xml-stylesheet type="text/xsl" href="C:/Users/luka/Desktop/fri/4_semester/Prevajalniki_In_Navidezni_Stroji/dn/dn1/pins/data/lexan.xsl"?><lexan><term lexeme="var" token="VAR"><location loc="1.1--1.3"/></term><term lexeme="i" token="IDENTIFIER"><location loc="1.5--1.5"/></term><term lexeme=":" token="COLON"><location loc="1.6--1.6"/></term><term lexeme="int" token="INT"><location loc="1.8--1.10"/></term></lexan>