<?xml version="1.0" encoding="UTF-8" standalone="no"?><?xml-stylesheet type="text/xsl" href="C:/Users/luka/Desktop/fri/4_semester/Prevajalniki_In_Navidezni_Stroji/dn/dn1/pins/data/synan.xsl"?><synan><nont label="Source"><nont label="SourceA"><nont label="Decl"><term lexeme="var" token="VAR"><location loc="1.1--1.3"/></term><location loc="1.1--1.3"/></nont><location loc="1.1--1.3"/></nont><location loc="1.1--1.3"/></nont></synan>