<?xml version="1.0" encoding="UTF-8" standalone="no"?><?xml-stylesheet type="text/xsl" href="C:/Users/luka/Desktop/fri/4_semester/Prevajalniki_In_Navidezni_Stroji/dn/dn3/pins/data/synan.xsl"?><synan><nont label="Source"><nont label="Decl"><term lexeme="fun" token="FUN"><location loc="1.1--1.3"/></term><term lexeme="inc" token="IDENTIFIER"><location loc="1.5--1.7"/></term><term lexeme="(" token="LPARENTHESIS"><location loc="1.9--1.9"/></term><nont label="FunParams"><term lexeme="n" token="IDENTIFIER"><location loc="1.10--1.10"/></term><term lexeme=":" token="COLON"><location loc="1.11--1.11"/></term><nont label="Type"><term lexeme="int" token="INT"><location loc="1.12--1.14"/></term><location loc="1.12--1.14"/></nont><nont label="FunParamsA"/><location loc="1.10--1.14"/></nont><term lexeme=")" token="RPARENTHESIS"><location loc="1.15--1.15"/></term><term lexeme=":" token="COLON"><location loc="1.17--1.17"/></term><nont label="Type"><term lexeme="int" token="INT"><location loc="1.19--1.21"/></term><location loc="1.19--1.21"/></nont><nont label="FunStmts"><term lexeme="=" token="ASSIGN"><location loc="1.23--1.23"/></term><nont label="Stmts"><nont label="Stmt"><nont label="Expr"><nont label="Expr"><nont label="Expr"><nont label="Expr"><nont label="Expr"><nont label="Expr"><term lexeme="(" token="LPARENTHESIS"><location loc="2.5--2.5"/></term><nont label="Expr"><nont label="Expr"><nont label="Expr"><nont label="Expr"><nont label="Expr"><nont label="Expr"><nont label="Expr"><nont label="Literal"><term lexeme="2" token="INTCONST"><location loc="2.6--2.6"/></term><location loc="2.6--2.6"/></nont><location loc="2.6--2.6"/></nont><location loc="2.6--2.6"/></nont><nont label="Expr"/><location loc="2.6--2.6"/></nont><location loc="2.6--2.6"/></nont><nont label="Expr"><nont label="Op"><term lexeme="*" token="MUL"><location loc="2.8--2.8"/></term><location loc="2.8--2.8"/></nont><nont label="Expr"><nont label="Expr"><nont label="Expr"><nont label="Expr"><nont label="Literal"><term lexeme="3" token="INTCONST"><location loc="2.10--2.10"/></term><location loc="2.10--2.10"/></nont><location loc="2.10--2.10"/></nont><location loc="2.10--2.10"/></nont><nont label="Expr"/><location loc="2.10--2.10"/></nont><location loc="2.10--2.10"/></nont><nont label="Expr"><nont label="Op"><term lexeme="/" token="DIV"><location loc="2.12--2.12"/></term><location loc="2.12--2.12"/></nont><nont label="Expr"><nont label="Expr"><nont label="Expr"><nont label="Expr"><nont label="Literal"><term lexeme="4" token="INTCONST"><location loc="2.14--2.14"/></term><location loc="2.14--2.14"/></nont><location loc="2.14--2.14"/></nont><location loc="2.14--2.14"/></nont><nont label="Expr"/><location loc="2.14--2.14"/></nont><location loc="2.14--2.14"/></nont><nont label="Expr"/><location loc="2.12--2.14"/></nont><location loc="2.8--2.14"/></nont><location loc="2.6--2.14"/></nont><nont label="Expr"><nont label="Op"><term lexeme="+" token="ADD"><location loc="2.16--2.16"/></term><location loc="2.16--2.16"/></nont><nont label="Expr"><nont label="Expr"><nont label="Expr"><nont label="Expr"><nont label="Expr"><nont label="Literal"><term lexeme="5" token="INTCONST"><location loc="2.18--2.18"/></term><location loc="2.18--2.18"/></nont><location loc="2.18--2.18"/></nont><location loc="2.18--2.18"/></nont><nont label="Expr"/><location loc="2.18--2.18"/></nont><location loc="2.18--2.18"/></nont><nont label="Expr"/><location loc="2.18--2.18"/></nont><nont label="Expr"><nont label="Op"><term lexeme="-" token="SUB"><location loc="2.20--2.20"/></term><location loc="2.20--2.20"/></nont><nont label="Expr"><nont label="Expr"><nont label="Expr"><nont label="Expr"><nont label="Expr"><nont label="Literal"><term lexeme="6" token="INTCONST"><location loc="2.22--2.22"/></term><location loc="2.22--2.22"/></nont><location loc="2.22--2.22"/></nont><location loc="2.22--2.22"/></nont><nont label="Expr"/><location loc="2.22--2.22"/></nont><location loc="2.22--2.22"/></nont><nont label="Expr"/><location loc="2.22--2.22"/></nont><nont label="Expr"/><location loc="2.20--2.22"/></nont><location loc="2.16--2.22"/></nont><location loc="2.6--2.22"/></nont><nont label="Expr"/><location loc="2.6--2.22"/></nont><nont label="Expr"/><term lexeme=")" token="RPARENTHESIS"><location loc="2.23--2.23"/></term><location loc="2.5--2.23"/></nont><nont label="Expr"/><location loc="2.5--2.23"/></nont><location loc="2.5--2.23"/></nont><nont label="Expr"/><location loc="2.5--2.23"/></nont><nont label="Expr"/><location loc="2.5--2.23"/></nont><nont label="Expr"/><location loc="2.5--2.23"/></nont><nont label="StmtB"/><location loc="2.5--2.23"/></nont><nont label="StmtsA"/><location loc="2.5--2.23"/></nont><term lexeme=":" token="COLON"><location loc="3.5--3.5"/></term><nont label="Expr"><nont label="Expr"><nont label="Expr"><nont label="Expr"><nont label="Expr"><nont label="Expr"><nont label="Expr"><term lexeme="n" token="IDENTIFIER"><location loc="3.7--3.7"/></term><nont label="Expr"/><location loc="3.7--3.7"/></nont><location loc="3.7--3.7"/></nont><nont label="Expr"/><location loc="3.7--3.7"/></nont><location loc="3.7--3.7"/></nont><nont label="Expr"/><location loc="3.7--3.7"/></nont><nont label="Expr"/><location loc="3.7--3.7"/></nont><nont label="Expr"/><location loc="3.7--3.7"/></nont><nont label="WhereStmt"><term lexeme="{" token="LBRACE"><location loc="3.9--3.9"/></term><term lexeme="where" token="WHERE"><location loc="3.11--3.15"/></term><nont label="Decls"><nont label="Decl"><term lexeme="var" token="VAR"><location loc="3.17--3.19"/></term><term lexeme="m" token="IDENTIFIER"><location loc="3.21--3.21"/></term><term lexeme=":" token="COLON"><location loc="3.23--3.23"/></term><nont label="Type"><term lexeme="int" token="INT"><location loc="3.25--3.27"/></term><location loc="3.25--3.27"/></nont><location loc="3.17--3.27"/></nont><nont label="Decls"/><location loc="3.17--3.27"/></nont><term lexeme="}" token="RBRACE"><location loc="3.28--3.28"/></term><location loc="3.9--3.28"/></nont><location loc="1.23--3.28"/></nont><location loc="1.1--3.28"/></nont><nont label="Decls"><nont label="Decl"><term lexeme="var" token="VAR"><location loc="9.1--9.3"/></term><term lexeme="r1" token="IDENTIFIER"><location loc="9.5--9.6"/></term><term lexeme=":" token="COLON"><location loc="9.7--9.7"/></term><nont label="Type"><term lexeme="int" token="INT"><location loc="9.9--9.11"/></term><location loc="9.9--9.11"/></nont><location loc="9.1--9.11"/></nont><nont label="Decls"><nont label="Decl"><term lexeme="var" token="VAR"><location loc="10.1--10.3"/></term><term lexeme="r2" token="IDENTIFIER"><location loc="10.5--10.6"/></term><term lexeme=":" token="COLON"><location loc="10.7--10.7"/></term><nont label="Type"><term lexeme="int" token="INT"><location loc="10.9--10.11"/></term><location loc="10.9--10.11"/></nont><location loc="10.1--10.11"/></nont><nont label="Decls"><nont label="Decl"><term lexeme="var" token="VAR"><location loc="11.1--11.3"/></term><term lexeme="count" token="IDENTIFIER"><location loc="11.5--11.9"/></term><term lexeme=":" token="COLON"><location loc="11.10--11.10"/></term><nont label="Type"><term lexeme="int" token="INT"><location loc="11.12--11.14"/></term><location loc="11.12--11.14"/></nont><location loc="11.1--11.14"/></nont><nont label="Decls"><nont label="Decl"><term lexeme="fun" token="FUN"><location loc="18.1--18.3"/></term><term lexeme="fibb" token="IDENTIFIER"><location loc="18.5--18.8"/></term><term lexeme="(" token="LPARENTHESIS"><location loc="18.10--18.10"/></term><nont label="FunParams"><term lexeme="n" token="IDENTIFIER"><location loc="18.11--18.11"/></term><term lexeme=":" token="COLON"><location loc="18.12--18.12"/></term><nont label="Type"><term lexeme="int" token="INT"><location loc="18.13--18.15"/></term><location loc="18.13--18.15"/></nont><nont label="FunParamsA"><term lexeme="," token="COMMA"><location loc="18.17--18.17"/></term><term lexeme="x" token="IDENTIFIER"><location loc="18.19--18.19"/></term><term lexeme=":" token="COLON"><location loc="18.20--18.20"/></term><nont label="Type"><term lexeme="bool" token="BOOL"><location loc="18.22--18.25"/></term><location loc="18.22--18.25"/></nont><nont label="FunParamsA"/><location loc="18.17--18.25"/></nont><location loc="18.11--18.25"/></nont><term lexeme=")" token="RPARENTHESIS"><location loc="18.26--18.26"/></term><term lexeme=":" token="COLON"><location loc="18.28--18.28"/></term><nont label="Type"><term lexeme="int" token="INT"><location loc="18.30--18.32"/></term><location loc="18.30--18.32"/></nont><nont label="FunStmts"><term lexeme="=" token="ASSIGN"><location loc="18.34--18.34"/></term><nont label="Stmts"><nont label="Stmt"><nont label="Expr"><nont label="Expr"><nont label="Expr"><nont label="Expr"><nont label="Expr"><nont label="Expr"><nont label="Expr"><term lexeme="count" token="IDENTIFIER"><location loc="19.5--19.9"/></term><nont label="Expr"/><location loc="19.5--19.9"/></nont><location loc="19.5--19.9"/></nont><nont label="Expr"/><location loc="19.5--19.9"/></nont><location loc="19.5--19.9"/></nont><nont label="Expr"/><location loc="19.5--19.9"/></nont><nont label="Expr"/><location loc="19.5--19.9"/></nont><nont label="Expr"/><location loc="19.5--19.9"/></nont><nont label="StmtB"><nont label="StmtA"><term lexeme="=" token="ASSIGN"><location loc="19.11--19.11"/></term><nont label="Expr"><nont label="Expr"><nont label="Expr"><nont label="Expr"><nont label="Expr"><nont label="Expr"><nont label="Expr"><term lexeme="n" token="IDENTIFIER"><location loc="19.13--19.13"/></term><nont label="Expr"/><location loc="19.13--19.13"/></nont><location loc="19.13--19.13"/></nont><nont label="Expr"/><location loc="19.13--19.13"/></nont><location loc="19.13--19.13"/></nont><nont label="Expr"/><location loc="19.13--19.13"/></nont><nont label="Expr"/><location loc="19.13--19.13"/></nont><nont label="Expr"/><location loc="19.13--19.13"/></nont><location loc="19.11--19.13"/></nont><location loc="19.11--19.13"/></nont><location loc="19.5--19.13"/></nont><nont label="StmtsA"><term lexeme=";" token="SEMIC"><location loc="19.14--19.14"/></term><nont label="Stmt"><nont label="Expr"><nont label="Expr"><nont label="Expr"><nont label="Expr"><nont label="Expr"><nont label="Expr"><nont label="Expr"><term lexeme="res" token="IDENTIFIER"><location loc="20.5--20.7"/></term><nont label="Expr"/><location loc="20.5--20.7"/></nont><location loc="20.5--20.7"/></nont><nont label="Expr"/><location loc="20.5--20.7"/></nont><location loc="20.5--20.7"/></nont><nont label="Expr"/><location loc="20.5--20.7"/></nont><nont label="Expr"/><location loc="20.5--20.7"/></nont><nont label="Expr"/><location loc="20.5--20.7"/></nont><nont label="StmtB"><nont label="StmtA"><term lexeme="=" token="ASSIGN"><location loc="20.9--20.9"/></term><nont label="Expr"><nont label="Expr"><nont label="Expr"><nont label="Expr"><nont label="Unop"><term lexeme="-" token="SUB"><location loc="20.11--20.11"/></term><location loc="20.11--20.11"/></nont><nont label="Expr"><nont label="Expr"><nont label="Expr"><nont label="Literal"><term lexeme="1" token="INTCONST"><location loc="20.12--20.12"/></term><location loc="20.12--20.12"/></nont><location loc="20.12--20.12"/></nont><location loc="20.12--20.12"/></nont><nont label="Expr"/><location loc="20.12--20.12"/></nont><location loc="20.11--20.12"/></nont><nont label="Expr"/><location loc="20.11--20.12"/></nont><nont label="Expr"><nont label="Op"><term lexeme="+" token="ADD"><location loc="20.13--20.13"/></term><location loc="20.13--20.13"/></nont><nont label="Expr"><nont label="Expr"><nont label="Expr"><nont label="Expr"><nont label="Expr"><nont label="Literal"><term lexeme="0" token="INTCONST"><location loc="20.14--20.14"/></term><location loc="20.14--20.14"/></nont><location loc="20.14--20.14"/></nont><location loc="20.14--20.14"/></nont><nont label="Expr"/><location loc="20.14--20.14"/></nont><location loc="20.14--20.14"/></nont><nont label="Expr"/><location loc="20.14--20.14"/></nont><nont label="Expr"><nont label="Op"><term lexeme="+" token="ADD"><location loc="20.15--20.15"/></term><location loc="20.15--20.15"/></nont><nont label="Expr"><nont label="Expr"><nont label="Expr"><nont label="Expr"><nont label="Expr"><nont label="Literal"><term lexeme="0" token="INTCONST"><location loc="20.16--20.16"/></term><location loc="20.16--20.16"/></nont><location loc="20.16--20.16"/></nont><location loc="20.16--20.16"/></nont><nont label="Expr"/><location loc="20.16--20.16"/></nont><location loc="20.16--20.16"/></nont><nont label="Expr"/><location loc="20.16--20.16"/></nont><nont label="Expr"><nont label="Op"><term lexeme="+" token="ADD"><location loc="20.17--20.17"/></term><location loc="20.17--20.17"/></nont><nont label="Expr"><nont label="Expr"><nont label="Expr"><nont label="Expr"><nont label="Expr"><nont label="Literal"><term lexeme="0" token="INTCONST"><location loc="20.18--20.18"/></term><location loc="20.18--20.18"/></nont><location loc="20.18--20.18"/></nont><location loc="20.18--20.18"/></nont><nont label="Expr"/><location loc="20.18--20.18"/></nont><location loc="20.18--20.18"/></nont><nont label="Expr"/><location loc="20.18--20.18"/></nont><nont label="Expr"><nont label="Op"><term lexeme="+" token="ADD"><location loc="20.20--20.20"/></term><location loc="20.20--20.20"/></nont><nont label="Expr"><nont label="Expr"><nont label="Expr"><nont label="Expr"><nont label="Expr"><nont label="Literal"><term lexeme="2" token="INTCONST"><location loc="20.22--20.22"/></term><location loc="20.22--20.22"/></nont><location loc="20.22--20.22"/></nont><location loc="20.22--20.22"/></nont><nont label="Expr"/><location loc="20.22--20.22"/></nont><location loc="20.22--20.22"/></nont><nont label="Expr"/><location loc="20.22--20.22"/></nont><nont label="Expr"/><location loc="20.20--20.22"/></nont><location loc="20.17--20.22"/></nont><location loc="20.15--20.22"/></nont><location loc="20.13--20.22"/></nont><location loc="20.11--20.22"/></nont><nont label="Expr"/><location loc="20.11--20.22"/></nont><location loc="20.9--20.22"/></nont><location loc="20.9--20.22"/></nont><location loc="20.5--20.22"/></nont><nont label="StmtsA"><term lexeme=";" token="SEMIC"><location loc="20.23--20.23"/></term><nont label="Stmt"><term lexeme="while" token="WHILE"><location loc="21.5--21.9"/></term><nont label="Expr"><nont label="Expr"><nont label="Expr"><nont label="Expr"><nont label="Expr"><nont label="Expr"><nont label="Expr"><term lexeme="count" token="IDENTIFIER"><location loc="21.11--21.15"/></term><nont label="Expr"/><location loc="21.11--21.15"/></nont><location loc="21.11--21.15"/></nont><nont label="Expr"/><location loc="21.11--21.15"/></nont><location loc="21.11--21.15"/></nont><nont label="Expr"/><location loc="21.11--21.15"/></nont><nont label="Expr"/><location loc="21.11--21.15"/></nont><nont label="Expr"><nont label="Op"><term lexeme="&gt;" token="GTH"><location loc="21.17--21.17"/></term><location loc="21.17--21.17"/></nont><nont label="Expr"><nont label="Expr"><nont label="Expr"><nont label="Expr"><nont label="Expr"><nont label="Expr"><nont label="Literal"><term lexeme="2" token="INTCONST"><location loc="21.19--21.19"/></term><location loc="21.19--21.19"/></nont><location loc="21.19--21.19"/></nont><location loc="21.19--21.19"/></nont><nont label="Expr"/><location loc="21.19--21.19"/></nont><location loc="21.19--21.19"/></nont><nont label="Expr"/><location loc="21.19--21.19"/></nont><nont label="Expr"/><location loc="21.19--21.19"/></nont><location loc="21.17--21.19"/></nont><location loc="21.11--21.19"/></nont><term lexeme="do" token="DO"><location loc="21.21--21.22"/></term><nont label="Stmts"><nont label="Stmt"><term lexeme="if" token="IF"><location loc="22.9--22.10"/></term><nont label="Expr"><nont label="Expr"><nont label="Expr"><nont label="Expr"><nont label="Expr"><nont label="Expr"><nont label="Expr"><term lexeme="count" token="IDENTIFIER"><location loc="22.12--22.16"/></term><nont label="Expr"/><location loc="22.12--22.16"/></nont><location loc="22.12--22.16"/></nont><nont label="Expr"/><location loc="22.12--22.16"/></nont><location loc="22.12--22.16"/></nont><nont label="Expr"><nont label="Op"><term lexeme="%" token="MOD"><location loc="22.18--22.18"/></term><location loc="22.18--22.18"/></nont><nont label="Expr"><nont label="Expr"><nont label="Expr"><nont label="Expr"><nont label="Literal"><term lexeme="2" token="INTCONST"><location loc="22.20--22.20"/></term><location loc="22.20--22.20"/></nont><location loc="22.20--22.20"/></nont><location loc="22.20--22.20"/></nont><nont label="Expr"/><location loc="22.20--22.20"/></nont><location loc="22.20--22.20"/></nont><nont label="Expr"/><location loc="22.18--22.20"/></nont><location loc="22.12--22.20"/></nont><nont label="Expr"/><location loc="22.12--22.20"/></nont><nont label="Expr"><nont label="Op"><term lexeme="==" token="EQU"><location loc="22.22--22.23"/></term><location loc="22.22--22.23"/></nont><nont label="Expr"><nont label="Expr"><nont label="Expr"><nont label="Expr"><nont label="Expr"><nont label="Expr"><nont label="Literal"><term lexeme="0" token="INTCONST"><location loc="22.24--22.24"/></term><location loc="22.24--22.24"/></nont><location loc="22.24--22.24"/></nont><location loc="22.24--22.24"/></nont><nont label="Expr"/><location loc="22.24--22.24"/></nont><location loc="22.24--22.24"/></nont><nont label="Expr"/><location loc="22.24--22.24"/></nont><nont label="Expr"/><location loc="22.24--22.24"/></nont><location loc="22.22--22.24"/></nont><location loc="22.12--22.24"/></nont><term lexeme="then" token="THEN"><location loc="23.9--23.12"/></term><nont label="Stmts"><nont label="Stmt"><nont label="Expr"><nont label="Expr"><nont label="Expr"><nont label="Expr"><nont label="Expr"><nont label="Expr"><nont label="Expr"><term lexeme="r1" token="IDENTIFIER"><location loc="24.13--24.14"/></term><nont label="Expr"/><location loc="24.13--24.14"/></nont><location loc="24.13--24.14"/></nont><nont label="Expr"/><location loc="24.13--24.14"/></nont><location loc="24.13--24.14"/></nont><nont label="Expr"/><location loc="24.13--24.14"/></nont><nont label="Expr"/><location loc="24.13--24.14"/></nont><nont label="Expr"/><location loc="24.13--24.14"/></nont><nont label="StmtB"><nont label="StmtA"><term lexeme="=" token="ASSIGN"><location loc="24.16--24.16"/></term><nont label="Expr"><nont label="Expr"><nont label="Expr"><nont label="Expr"><nont label="Expr"><nont label="Expr"><nont label="Expr"><term lexeme="r1" token="IDENTIFIER"><location loc="24.18--24.19"/></term><nont label="Expr"/><location loc="24.18--24.19"/></nont><location loc="24.18--24.19"/></nont><nont label="Expr"/><location loc="24.18--24.19"/></nont><location loc="24.18--24.19"/></nont><nont label="Expr"/><location loc="24.18--24.19"/></nont><nont label="Expr"><nont label="Op"><term lexeme="+" token="ADD"><location loc="24.21--24.21"/></term><location loc="24.21--24.21"/></nont><nont label="Expr"><nont label="Expr"><nont label="Expr"><nont label="Expr"><nont label="Expr"><term lexeme="r2" token="IDENTIFIER"><location loc="24.23--24.24"/></term><nont label="Expr"/><location loc="24.23--24.24"/></nont><location loc="24.23--24.24"/></nont><nont label="Expr"/><location loc="24.23--24.24"/></nont><location loc="24.23--24.24"/></nont><nont label="Expr"/><location loc="24.23--24.24"/></nont><nont label="Expr"/><location loc="24.21--24.24"/></nont><location loc="24.18--24.24"/></nont><nont label="Expr"/><location loc="24.18--24.24"/></nont><location loc="24.16--24.24"/></nont><location loc="24.16--24.24"/></nont><location loc="24.13--24.24"/></nont><nont label="StmtsA"/><location loc="24.13--24.24"/></nont><nont label="ElseStmt"><term lexeme="else" token="ELSE"><location loc="25.9--25.12"/></term><nont label="Stmts"><nont label="Stmt"><nont label="Expr"><nont label="Expr"><nont label="Expr"><nont label="Expr"><nont label="Expr"><nont label="Expr"><nont label="Expr"><term lexeme="r2" token="IDENTIFIER"><location loc="26.13--26.14"/></term><nont label="Expr"/><location loc="26.13--26.14"/></nont><location loc="26.13--26.14"/></nont><nont label="Expr"/><location loc="26.13--26.14"/></nont><location loc="26.13--26.14"/></nont><nont label="Expr"/><location loc="26.13--26.14"/></nont><nont label="Expr"/><location loc="26.13--26.14"/></nont><nont label="Expr"/><location loc="26.13--26.14"/></nont><nont label="StmtB"><nont label="StmtA"><term lexeme="=" token="ASSIGN"><location loc="26.16--26.16"/></term><nont label="Expr"><nont label="Expr"><nont label="Expr"><nont label="Expr"><nont label="Expr"><nont label="Expr"><nont label="Expr"><term lexeme="r1" token="IDENTIFIER"><location loc="26.18--26.19"/></term><nont label="Expr"/><location loc="26.18--26.19"/></nont><location loc="26.18--26.19"/></nont><nont label="Expr"/><location loc="26.18--26.19"/></nont><location loc="26.18--26.19"/></nont><nont label="Expr"/><location loc="26.18--26.19"/></nont><nont label="Expr"><nont label="Op"><term lexeme="+" token="ADD"><location loc="26.21--26.21"/></term><location loc="26.21--26.21"/></nont><nont label="Expr"><nont label="Expr"><nont label="Expr"><nont label="Expr"><nont label="Expr"><term lexeme="r2" token="IDENTIFIER"><location loc="26.23--26.24"/></term><nont label="Expr"/><location loc="26.23--26.24"/></nont><location loc="26.23--26.24"/></nont><nont label="Expr"/><location loc="26.23--26.24"/></nont><location loc="26.23--26.24"/></nont><nont label="Expr"/><location loc="26.23--26.24"/></nont><nont label="Expr"/><location loc="26.21--26.24"/></nont><location loc="26.18--26.24"/></nont><nont label="Expr"/><location loc="26.18--26.24"/></nont><location loc="26.16--26.24"/></nont><location loc="26.16--26.24"/></nont><location loc="26.13--26.24"/></nont><nont label="StmtsA"/><location loc="26.13--26.24"/></nont><term lexeme="end" token="END"><location loc="27.9--27.11"/></term><location loc="25.9--27.11"/></nont><location loc="22.9--27.11"/></nont><nont label="StmtsA"/><location loc="22.9--27.11"/></nont><term lexeme="end" token="END"><location loc="28.5--28.7"/></term><location loc="21.5--28.7"/></nont><nont label="StmtsA"/><location loc="20.23--28.7"/></nont><location loc="19.14--28.7"/></nont><location loc="19.5--28.7"/></nont><term lexeme=":" token="COLON"><location loc="29.1--29.1"/></term><nont label="Expr"><nont label="Expr"><nont label="Expr"><nont label="Expr"><nont label="Expr"><nont label="Expr"><nont label="Expr"><term lexeme="x" token="IDENTIFIER"><location loc="29.3--29.3"/></term><nont label="Expr"/><location loc="29.3--29.3"/></nont><location loc="29.3--29.3"/></nont><nont label="Expr"/><location loc="29.3--29.3"/></nont><location loc="29.3--29.3"/></nont><nont label="Expr"/><location loc="29.3--29.3"/></nont><nont label="Expr"/><location loc="29.3--29.3"/></nont><nont label="Expr"/><location loc="29.3--29.3"/></nont><nont label="WhereStmt"><term lexeme="{" token="LBRACE"><location loc="29.5--29.5"/></term><term lexeme="where" token="WHERE"><location loc="29.7--29.11"/></term><nont label="Decls"><nont label="Decl"><term lexeme="typ" token="TYP"><location loc="29.13--29.15"/></term><term lexeme="x" token="IDENTIFIER"><location loc="29.17--29.17"/></term><term lexeme=":" token="COLON"><location loc="29.19--29.19"/></term><nont label="Type"><term lexeme="x" token="IDENTIFIER"><location loc="29.21--29.21"/></term><location loc="29.21--29.21"/></nont><location loc="29.13--29.21"/></nont><nont label="Decls"/><location loc="29.13--29.21"/></nont><term lexeme="}" token="RBRACE"><location loc="29.23--29.23"/></term><location loc="29.5--29.23"/></nont><location loc="18.34--29.23"/></nont><location loc="18.1--29.23"/></nont><nont label="Decls"/><location loc="18.1--29.23"/></nont><location loc="11.1--29.23"/></nont><location loc="10.1--29.23"/></nont><location loc="9.1--29.23"/></nont><location loc="1.1--29.23"/></nont></synan>