<?xml version="1.0" encoding="UTF-8" standalone="no"?><?xml-stylesheet type="text/xsl" href="C:/Users/luka/Desktop/fri/4_semester/Prevajalniki_In_Navidezni_Stroji/dn/dn6a/pins/data/frames.xsl"?><frames><node label="Source"><node label="Decls"><node label="VarDecl" lexeme="a"><node label="AtomType" spec="INT"><location loc="1.8--1.10"/><type label="INT"/></node><location loc="1.1--1.3"/><access label="_a" size="8"/></node><node label="FunDef" lexeme="main"><node label="ParDecls"><location loc="0.0--0.0"/></node><node label="AtomType" spec="INT"><location loc="4.14--4.16"/></node><node label="BlockExpr"><node label="Decls"><location loc="0.0--0.0"/></node><node label="Stmts"><node label="AssignStmt"><node label="VarName" lexeme="a"><location loc="5.5--5.5"/><declaredAt location="1.1--1.3"/><addr/></node><node label="BinExpr" spec="ADD"><node label="VarName" lexeme="a"><location loc="5.9--5.9"/><declaredAt location="1.1--1.3"/><addr/></node><node label="AtomExpr" lexeme="1" spec="INT"><location loc="5.13--5.13"/></node><location loc="5.11--5.13"/></node><location loc="5.5--5.13"/></node><node label="AssignStmt"><node label="VarName" lexeme="a"><location loc="6.5--6.5"/><declaredAt location="1.1--1.3"/><addr/></node><node label="AtomExpr" lexeme="3" spec="INT"><location loc="6.9--6.9"/></node><location loc="6.5--6.9"/></node><node label="ExprStmt"><node label="FunName" lexeme="main"><node label="Args"><location loc="0.0--0.0"/></node><location loc="7.5--7.10"/></node><location loc="7.5--7.10"/></node><location loc="5.5--7.10"/></node><node label="VarName" lexeme="a"><location loc="8.3--8.3"/><declaredAt location="1.1--1.3"/><addr/></node><location loc="4.18--8.3"/></node><location loc="4.1--8.3"/></node><node label="FunDef" lexeme="f"><node label="ParDecls"><node label="ParDecl" lexeme="a"><node label="AtomType" spec="INT"><location loc="10.11--10.13"/><type label="INT"/></node><location loc="10.7--10.13"/><access offset="8" size="8"/></node><node label="ParDecl" lexeme="b"><node label="AtomType" spec="INT"><location loc="10.19--10.21"/><type label="INT"/></node><location loc="10.19--10.21"/><access offset="16" size="8"/></node><node label="ParDecl" lexeme="c"><node label="AtomType" spec="INT"><location loc="10.26--10.28"/><type label="INT"/></node><location loc="10.26--10.28"/><access offset="24" size="8"/></node><location loc="10.7--10.28"/></node><node label="AtomType" spec="INT"><location loc="10.33--10.35"/></node><node label="BlockExpr"><node label="Decls"><node label="VarDecl" lexeme="sum"><node label="AtomType" spec="INT"><location loc="13.14--13.16"/></node><location loc="13.5--13.7"/></node><node label="VarDecl" lexeme="array"><node label="ArrType"><node label="AtomExpr" lexeme="10" spec="INT"><location loc="14.21--14.22"/></node><node label="ArrType"><node label="AtomExpr" lexeme="10" spec="INT"><location loc="14.30--14.31"/></node><node label="AtomType" spec="INT"><location loc="14.34--14.36"/></node><location loc="14.25--14.36"/></node><location loc="14.16--14.36"/></node><location loc="14.5--14.7"/></node><node label="FunDef" lexeme="g"><node label="ParDecls"><node label="ParDecl" lexeme="a"><node label="AtomType" spec="INT"><location loc="15.14--15.16"/></node><location loc="15.11--15.16"/></node><node label="ParDecl" lexeme="b"><node label="AtomType" spec="CHAR"><location loc="15.22--15.25"/></node><location loc="15.22--15.25"/></node><node label="ParDecl" lexeme="c"><node label="PtrType"><node label="AtomType" spec="INT"><location loc="15.35--15.37"/></node><location loc="15.31--15.33"/></node><location loc="15.31--15.33"/></node><location loc="15.11--15.33"/></node><node label="PtrType"><node label="AtomType" spec="VOID"><location loc="15.46--15.49"/></node><location loc="15.42--15.44"/></node><node label="BlockExpr"><node label="Decls"><node label="VarDecl" lexeme="i"><node label="PtrType"><node label="AtomType" spec="VOID"><location loc="18.21--18.24"/></node><location loc="18.17--18.19"/></node><location loc="18.9--18.11"/></node><location loc="18.9--18.11"/></node><node label="Stmts"><node label="AssignStmt"><node label="VarName" lexeme="i"><location loc="16.9--16.9"/><declaredAt location="18.9--18.11"/><addr/></node><node label="AtomExpr" lexeme="null" spec="PTR"><location loc="16.13--16.16"/></node><location loc="16.9--16.16"/></node><location loc="16.9--16.16"/></node><node label="VarName" lexeme="i"><location loc="17.7--17.7"/><declaredAt location="18.9--18.11"/><addr/></node><location loc="15.51--19.5"/></node><location loc="15.5--19.5"/></node><location loc="13.5--19.5"/></node><node label="Stmts"><node label="AssignStmt"><node label="VarName" lexeme="sum"><location loc="11.5--11.7"/><declaredAt location="13.5--13.7"/><addr/></node><node label="FunName" lexeme="f"><node label="Args"><node label="VarName" lexeme="a"><location loc="11.13--11.13"/><declaredAt location="10.7--10.13"/><addr/></node><node label="VarName" lexeme="b"><location loc="11.16--11.16"/><declaredAt location="10.19--10.21"/><addr/></node><node label="VarName" lexeme="c"><location loc="11.19--11.19"/><declaredAt location="10.26--10.28"/><addr/></node><location loc="11.13--11.19"/></node><location loc="11.11--11.20"/></node><location loc="11.5--11.20"/></node><location loc="11.5--11.20"/></node><node label="VarName" lexeme="sum"><location loc="12.3--12.5"/><declaredAt location="13.5--13.7"/><addr/></node><location loc="10.37--20.1"/></node><location loc="10.1--20.1"/></node><location loc="1.1--20.1"/></node><location loc="4.1--20.1"/></node></frames>