<?xml version="1.0" encoding="UTF-8" standalone="no"?><?xml-stylesheet type="text/xsl" href="C:/Users/luka/Desktop/fri/4_semester/Prevajalniki_In_Navidezni_Stroji/dn/dn8a/pins/data/imcgen.xsl"?><imcgen><node label="Source"><node label="Decls"><node label="VarDecl" lexeme="a"><node label="AtomType" spec="INT"><location loc="1.9--1.11"/><type label="INT"/></node><location loc="1.1--1.3"/><access label="_a" size="8"/></node><node label="FunDecl" lexeme="putInt"><node label="ParDecls"><node label="ParDecl" lexeme="a"><node label="AtomType" spec="INT"><location loc="4.14--4.16"/><type label="INT"/></node><location loc="4.12--4.16"/></node><location loc="4.12--4.16"/></node><node label="AtomType" spec="VOID"><location loc="4.21--4.24"/><type label="VOID"/></node><location loc="4.1--4.24"/></node><node label="FunDef" lexeme="main"><node label="ParDecls"><location loc="0.0--0.0"/></node><node label="AtomType" spec="INT"><location loc="6.14--6.16"/></node><node label="BlockExpr"><node label="Decls"><location loc="0.0--0.0"/></node><node label="Stmts"><node label="ExprStmt"><node label="FunName" lexeme="putInt"><node label="Args"><node label="AtomExpr" lexeme="42" spec="INT"><location loc="7.12--7.13"/><imc name="CONST" value="42"/></node><location loc="7.12--7.13"/></node><location loc="7.5--7.14"/><declaredAt location="4.1--4.24"/><imc name="CALL" value="_putInt"><imc name="CONST" value="0"/><imc name="CONST" value="42"/></imc></node><location loc="7.5--7.14"/><imc name="ESTMT"><imc name="CALL" value="_putInt"><imc name="CONST" value="0"/><imc name="CONST" value="42"/></imc></imc></node><location loc="7.5--7.14"/></node><node label="VarName" lexeme="a"><location loc="8.7--8.7"/><declaredAt location="1.1--1.3"/><addr/><imc name="NAME" value="_a"/></node><location loc="6.18--8.7"/><imc name="SEXPR"><imc name="STMTS"><imc name="ESTMT"><imc name="CALL" value="_putInt"><imc name="CONST" value="0"/><imc name="CONST" value="42"/></imc></imc></imc><imc name="NAME" value="_a"/></imc></node><location loc="6.1--8.7"/><frame FP="compiler.data.layout.Temp@13c27452" RV="compiler.data.layout.Temp@262b2c86" argssize="16" depth="1" label="_main" locssize="0" size="32"/></node><location loc="1.1--8.7"/></node><location loc="4.1--8.7"/></node></imcgen>