<?xml version="1.0" encoding="UTF-8" standalone="no"?><?xml-stylesheet type="text/xsl" href="C:/Users/luka/Desktop/fri/4_semester/Prevajalniki_In_Navidezni_Stroji/dn/dn8a/pins/data/chunks.xsl"?><chunks><datachunk label="_a" size="8"/><datachunk label="_b" size="8"/><codechunk entrylabel="L6" exitlabel="L7"><frame FP="compiler.data.layout.Temp@11758f2a" RV="compiler.data.layout.Temp@e720b71" argssize="16" depth="1" label="_main" locssize="0" size="32"/><stmt><imc name="LABEL" value="L6"/></stmt><stmt><imc name="MOVE"><imc name="TEMP" value="6"/><imc name="CONST" value="0"/></imc></stmt><stmt><imc name="MOVE"><imc name="TEMP" value="7"/><imc name="CONST" value="0"/></imc></stmt><stmt><imc name="CJUMP" value="L0:L8"><imc name="BINOP" value="EQU"><imc name="TEMP" value="6"/><imc name="TEMP" value="7"/></imc></imc></stmt><stmt><imc name="LABEL" value="L8"/></stmt><stmt><imc name="JUMP" value="L1"/></stmt><stmt><imc name="LABEL" value="L0"/></stmt><stmt><imc name="ESTMT"><imc name="CALL" value="_putInt"><imc name="CONST" value="0"/><imc name="CONST" value="42"/></imc></imc></stmt><stmt><imc name="JUMP" value="L2"/></stmt><stmt><imc name="LABEL" value="L1"/></stmt><stmt><imc name="LABEL" value="L2"/></stmt><stmt><imc name="MOVE"><imc name="TEMP" value="8"/><imc name="CONST" value="0"/></imc></stmt><stmt><imc name="MOVE"><imc name="TEMP" value="9"/><imc name="CONST" value="2"/></imc></stmt><stmt><imc name="MOVE"><imc name="TEMP" value="10"/><imc name="CONST" value="3"/></imc></stmt><stmt><imc name="MOVE"><imc name="TEMP" value="11"/><imc name="CONST" value="5"/></imc></stmt><stmt><imc name="MOVE"><imc name="TEMP" value="12"/><imc name="BINOP" value="SUB"><imc name="TEMP" value="10"/><imc name="TEMP" value="11"/></imc></imc></stmt><stmt><imc name="MOVE"><imc name="TEMP" value="13"/><imc name="BINOP" value="ADD"><imc name="TEMP" value="9"/><imc name="TEMP" value="12"/></imc></imc></stmt><stmt><imc name="CJUMP" value="L3:L9"><imc name="BINOP" value="EQU"><imc name="TEMP" value="8"/><imc name="TEMP" value="13"/></imc></imc></stmt><stmt><imc name="LABEL" value="L9"/></stmt><stmt><imc name="JUMP" value="L4"/></stmt><stmt><imc name="LABEL" value="L3"/></stmt><stmt><imc name="ESTMT"><imc name="CALL" value="_putInt"><imc name="CONST" value="0"/><imc name="CONST" value="42"/></imc></imc></stmt><stmt><imc name="JUMP" value="L5"/></stmt><stmt><imc name="LABEL" value="L4"/></stmt><stmt><imc name="ESTMT"><imc name="CALL" value="_putInt"><imc name="CONST" value="0"/><imc name="CONST" value="15"/></imc></imc></stmt><stmt><imc name="LABEL" value="L5"/></stmt><stmt><imc name="MOVE"><imc name="TEMP" value="14"/><imc name="CONST" value="0"/></imc></stmt><stmt><imc name="MOVE"><imc name="TEMP" value="5"/><imc name="TEMP" value="14"/></imc></stmt><stmt><imc name="JUMP" value="L7"/></stmt></codechunk></chunks>