<?xml version="1.0" encoding="UTF-8" standalone="no"?><?xml-stylesheet type="text/xsl" href="C:/Users/luka/Desktop/fri/4_semester/Prevajalniki_In_Navidezni_Stroji/dn/dn8a/pins/data/imcgen.xsl"?><imcgen><node label="Source"><node label="Decls"><node label="VarDecl" lexeme="i"><node label="AtomType" spec="INT"><location loc="1.9--1.11"/><type label="INT"/></node><location loc="1.1--1.3"/><access label="_i" size="8"/></node><node label="TypDecl" lexeme="x"><node label="PtrType"><node label="AtomType" spec="INT"><location loc="2.13--2.15"/></node><location loc="2.9--2.11"/></node><location loc="2.1--2.3"/><type label="TYPE" name="x"/></node><node label="VarDecl" lexeme="y"><node label="AtomType" spec="BOOL"><location loc="3.9--3.12"/><type label="BOOL"/></node><location loc="3.1--3.3"/><access label="_y" size="8"/></node><node label="FunDef" lexeme="fibb"><node label="ParDecls"><location loc="0.0--0.0"/></node><node label="AtomType" spec="INT"><location loc="4.15--4.17"/></node><node label="BlockExpr"><node label="Decls"><location loc="0.0--0.0"/></node><node label="Stmts"><node label="ExprStmt"><node label="BinExpr" spec="ADD"><node label="AtomExpr" lexeme="4" spec="INT"><location loc="5.5--5.5"/><imc name="CONST" value="4"/></node><node label="BinExpr" spec="ADD"><node label="BinExpr" spec="MUL"><node label="AtomExpr" lexeme="5" spec="INT"><location loc="5.7--5.7"/><imc name="CONST" value="5"/></node><node label="AtomExpr" lexeme="6" spec="INT"><location loc="5.9--5.9"/><imc name="CONST" value="6"/></node><location loc="5.8--5.9"/><imc name="BINOP" value="MUL"><imc name="CONST" value="5"/><imc name="CONST" value="6"/></imc></node><node label="AtomExpr" lexeme="7" spec="INT"><location loc="5.11--5.11"/><imc name="CONST" value="7"/></node><location loc="5.10--5.11"/><imc name="BINOP" value="ADD"><imc name="BINOP" value="MUL"><imc name="CONST" value="5"/><imc name="CONST" value="6"/></imc><imc name="CONST" value="7"/></imc></node><location loc="5.6--5.11"/><imc name="BINOP" value="ADD"><imc name="CONST" value="4"/><imc name="BINOP" value="ADD"><imc name="BINOP" value="MUL"><imc name="CONST" value="5"/><imc name="CONST" value="6"/></imc><imc name="CONST" value="7"/></imc></imc></node><location loc="5.5--5.11"/><imc name="ESTMT"><imc name="BINOP" value="ADD"><imc name="CONST" value="4"/><imc name="BINOP" value="ADD"><imc name="BINOP" value="MUL"><imc name="CONST" value="5"/><imc name="CONST" value="6"/></imc><imc name="CONST" value="7"/></imc></imc></imc></node><node label="ExprStmt"><node label="BinExpr" spec="SUB"><node label="AtomExpr" lexeme="1" spec="INT"><location loc="6.5--6.5"/><imc name="CONST" value="1"/></node><node label="BinExpr" spec="SUB"><node label="AtomExpr" lexeme="2" spec="INT"><location loc="6.7--6.7"/><imc name="CONST" value="2"/></node><node label="AtomExpr" lexeme="3" spec="INT"><location loc="6.9--6.9"/><imc name="CONST" value="3"/></node><location loc="6.8--6.9"/><imc name="BINOP" value="SUB"><imc name="CONST" value="2"/><imc name="CONST" value="3"/></imc></node><location loc="6.6--6.9"/><imc name="BINOP" value="SUB"><imc name="CONST" value="1"/><imc name="BINOP" value="SUB"><imc name="CONST" value="2"/><imc name="CONST" value="3"/></imc></imc></node><location loc="6.5--6.9"/><imc name="ESTMT"><imc name="BINOP" value="SUB"><imc name="CONST" value="1"/><imc name="BINOP" value="SUB"><imc name="CONST" value="2"/><imc name="CONST" value="3"/></imc></imc></imc></node><node label="ExprStmt"><node label="FunName" lexeme="fibb"><node label="Args"><location loc="0.0--0.0"/></node><location loc="7.5--7.10"/><declaredAt location="4.1--17.2"/><imc name="CALL" value="_fibb"><imc name="CONST" value="0"/></imc></node><location loc="7.5--7.10"/><imc name="ESTMT"><imc name="CALL" value="_fibb"><imc name="CONST" value="0"/></imc></imc></node><node label="ExprStmt"><node label="FunName" lexeme="fibb"><node label="Args"><node label="BinExpr" spec="ADD"><node label="VarName" lexeme="x"><location loc="8.10--8.10"/><addr/><imc name="NAME" value="_x"/></node><node label="AtomExpr" lexeme="3" spec="INT"><location loc="8.12--8.12"/><imc name="CONST" value="3"/></node><location loc="8.11--8.12"/><imc name="BINOP" value="ADD"><imc name="NAME" value="_x"/><imc name="CONST" value="3"/></imc></node><location loc="8.10--8.12"/></node><location loc="8.5--8.13"/><declaredAt location="4.1--17.2"/><imc name="CALL" value="_fibb"><imc name="CONST" value="0"/><imc name="BINOP" value="ADD"><imc name="NAME" value="_x"/><imc name="CONST" value="3"/></imc></imc></node><location loc="8.5--8.13"/><imc name="ESTMT"><imc name="CALL" value="_fibb"><imc name="CONST" value="0"/><imc name="BINOP" value="ADD"><imc name="NAME" value="_x"/><imc name="CONST" value="3"/></imc></imc></imc></node><node label="IfStmt"><node label="BinExpr" spec="LEQ"><node label="BinExpr" spec="ADD"><node label="VarName" lexeme="x"><location loc="9.8--9.8"/><declaredAt location="2.1--2.3"/><addr/><imc name="NAME" value="_x"/></node><node label="AtomExpr" lexeme="3" spec="INT"><location loc="9.12--9.12"/><imc name="CONST" value="3"/></node><location loc="9.10--9.12"/><imc name="BINOP" value="ADD"><imc name="NAME" value="_x"/><imc name="CONST" value="3"/></imc></node><node label="AtomExpr" lexeme="17" spec="INT"><location loc="9.16--9.17"/><imc name="CONST" value="17"/></node><location loc="9.14--9.17"/><imc name="BINOP" value="LEQ"><imc name="BINOP" value="ADD"><imc name="NAME" value="_x"/><imc name="CONST" value="3"/></imc><imc name="CONST" value="17"/></imc></node><node label="Stmts"><node label="AssignStmt"><node label="BinExpr" spec="MUL"><node label="VarName" lexeme="i"><location loc="10.9--10.9"/><declaredAt location="1.1--1.3"/><addr/><imc name="NAME" value="_i"/></node><node label="AtomExpr" lexeme="3" spec="INT"><location loc="10.13--10.13"/><imc name="CONST" value="3"/></node><location loc="10.11--10.13"/><imc name="BINOP" value="MUL"><imc name="NAME" value="_i"/><imc name="CONST" value="3"/></imc></node><node label="BinExpr" spec="SUB"><node label="AtomExpr" lexeme="6" spec="INT"><location loc="10.17--10.17"/><imc name="CONST" value="6"/></node><node label="AtomExpr" lexeme="2" spec="INT"><location loc="10.21--10.21"/><imc name="CONST" value="2"/></node><location loc="10.19--10.21"/><imc name="BINOP" value="SUB"><imc name="CONST" value="6"/><imc name="CONST" value="2"/></imc></node><location loc="10.9--10.21"/><imc name="MOVE"><imc name="MEM"><imc name="BINOP" value="MUL"><imc name="NAME" value="_i"/><imc name="CONST" value="3"/></imc></imc><imc name="BINOP" value="SUB"><imc name="CONST" value="6"/><imc name="CONST" value="2"/></imc></imc></node><location loc="10.9--10.21"/></node><node label="Stmts"><node label="ExprStmt"><node label="BinExpr" spec="ADD"><node label="AtomExpr" lexeme="4" spec="INT"><location loc="12.9--12.9"/><imc name="CONST" value="4"/></node><node label="BinExpr" spec="SUB"><node label="AtomExpr" lexeme="3" spec="INT"><location loc="12.13--12.13"/><imc name="CONST" value="3"/></node><node label="AtomExpr" lexeme="2" spec="INT"><location loc="12.17--12.17"/><imc name="CONST" value="2"/></node><location loc="12.15--12.17"/><imc name="BINOP" value="SUB"><imc name="CONST" value="3"/><imc name="CONST" value="2"/></imc></node><location loc="12.11--12.17"/><imc name="BINOP" value="ADD"><imc name="CONST" value="4"/><imc name="BINOP" value="SUB"><imc name="CONST" value="3"/><imc name="CONST" value="2"/></imc></imc></node><location loc="12.9--12.17"/><imc name="ESTMT"><imc name="BINOP" value="ADD"><imc name="CONST" value="4"/><imc name="BINOP" value="SUB"><imc name="CONST" value="3"/><imc name="CONST" value="2"/></imc></imc></imc></node><location loc="12.9--12.17"/></node><location loc="9.5--13.7"/><imc name="STMTS"><imc name="CJUMP" value="L0:L1"><imc name="BINOP" value="LEQ"><imc name="BINOP" value="ADD"><imc name="NAME" value="_x"/><imc name="CONST" value="3"/></imc><imc name="CONST" value="17"/></imc></imc><imc name="LABEL" value="L0"/><imc name="STMTS"><imc name="MOVE"><imc name="MEM"><imc name="BINOP" value="MUL"><imc name="NAME" value="_i"/><imc name="CONST" value="3"/></imc></imc><imc name="BINOP" value="SUB"><imc name="CONST" value="6"/><imc name="CONST" value="2"/></imc></imc></imc><imc name="JUMP" value="L2"/><imc name="LABEL" value="L1"/><imc name="STMTS"><imc name="ESTMT"><imc name="BINOP" value="ADD"><imc name="CONST" value="4"/><imc name="BINOP" value="SUB"><imc name="CONST" value="3"/><imc name="CONST" value="2"/></imc></imc></imc></imc><imc name="LABEL" value="L2"/></imc></node><node label="WhileStmt"><node label="BinExpr" spec="ADD"><node label="AtomExpr" lexeme="4" spec="INT"><location loc="14.11--14.11"/><imc name="CONST" value="4"/></node><node label="AtomExpr" lexeme="2" spec="INT"><location loc="14.15--14.15"/><imc name="CONST" value="2"/></node><location loc="14.13--14.15"/><imc name="BINOP" value="ADD"><imc name="CONST" value="4"/><imc name="CONST" value="2"/></imc></node><node label="Stmts"><node label="ExprStmt"><node label="BinExpr" spec="ADD"><node label="AtomExpr" lexeme="5" spec="INT"><location loc="15.9--15.9"/><imc name="CONST" value="5"/></node><node label="AtomExpr" lexeme="3" spec="INT"><location loc="15.13--15.13"/><imc name="CONST" value="3"/></node><location loc="15.11--15.13"/><imc name="BINOP" value="ADD"><imc name="CONST" value="5"/><imc name="CONST" value="3"/></imc></node><location loc="15.9--15.13"/><imc name="ESTMT"><imc name="BINOP" value="ADD"><imc name="CONST" value="5"/><imc name="CONST" value="3"/></imc></imc></node><location loc="15.9--15.13"/></node><location loc="14.5--16.7"/><imc name="STMTS"><imc name="LABEL" value="L3"/><imc name="CJUMP" value="L4:L5"><imc name="BINOP" value="ADD"><imc name="CONST" value="4"/><imc name="CONST" value="2"/></imc></imc><imc name="LABEL" value="L4"/><imc name="STMTS"><imc name="ESTMT"><imc name="BINOP" value="ADD"><imc name="CONST" value="5"/><imc name="CONST" value="3"/></imc></imc></imc><imc name="JUMP" value="L3"/><imc name="LABEL" value="L5"/></imc></node><location loc="5.5--16.7"/></node><node label="VarName" lexeme="y"><location loc="17.2--17.2"/><declaredAt location="3.1--3.3"/><addr/><imc name="NAME" value="_y"/></node><location loc="4.19--17.2"/><imc name="SEXPR"><imc name="STMTS"><imc name="ESTMT"><imc name="BINOP" value="ADD"><imc name="CONST" value="4"/><imc name="BINOP" value="ADD"><imc name="BINOP" value="MUL"><imc name="CONST" value="5"/><imc name="CONST" value="6"/></imc><imc name="CONST" value="7"/></imc></imc></imc><imc name="ESTMT"><imc name="BINOP" value="SUB"><imc name="CONST" value="1"/><imc name="BINOP" value="SUB"><imc name="CONST" value="2"/><imc name="CONST" value="3"/></imc></imc></imc><imc name="ESTMT"><imc name="CALL" value="_fibb"><imc name="CONST" value="0"/></imc></imc><imc name="ESTMT"><imc name="CALL" value="_fibb"><imc name="CONST" value="0"/><imc name="BINOP" value="ADD"><imc name="NAME" value="_x"/><imc name="CONST" value="3"/></imc></imc></imc><imc name="STMTS"><imc name="CJUMP" value="L0:L1"><imc name="BINOP" value="LEQ"><imc name="BINOP" value="ADD"><imc name="NAME" value="_x"/><imc name="CONST" value="3"/></imc><imc name="CONST" value="17"/></imc></imc><imc name="LABEL" value="L0"/><imc name="STMTS"><imc name="MOVE"><imc name="MEM"><imc name="BINOP" value="MUL"><imc name="NAME" value="_i"/><imc name="CONST" value="3"/></imc></imc><imc name="BINOP" value="SUB"><imc name="CONST" value="6"/><imc name="CONST" value="2"/></imc></imc></imc><imc name="JUMP" value="L2"/><imc name="LABEL" value="L1"/><imc name="STMTS"><imc name="ESTMT"><imc name="BINOP" value="ADD"><imc name="CONST" value="4"/><imc name="BINOP" value="SUB"><imc name="CONST" value="3"/><imc name="CONST" value="2"/></imc></imc></imc></imc><imc name="LABEL" value="L2"/></imc><imc name="STMTS"><imc name="LABEL" value="L3"/><imc name="CJUMP" value="L4:L5"><imc name="BINOP" value="ADD"><imc name="CONST" value="4"/><imc name="CONST" value="2"/></imc></imc><imc name="LABEL" value="L4"/><imc name="STMTS"><imc name="ESTMT"><imc name="BINOP" value="ADD"><imc name="CONST" value="5"/><imc name="CONST" value="3"/></imc></imc></imc><imc name="JUMP" value="L3"/><imc name="LABEL" value="L5"/></imc></imc><imc name="NAME" value="_y"/></imc></node><location loc="4.1--17.2"/><frame FP="compiler.data.layout.Temp@150c158" RV="compiler.data.layout.Temp@4524411f" argssize="16" depth="1" label="_fibb" locssize="0" size="32"/></node><location loc="1.1--17.2"/></node><location loc="2.1--17.2"/></node></imcgen>