<?xml version="1.0" encoding="UTF-8" standalone="no"?><?xml-stylesheet type="text/xsl" href="C:/Users/luka/Desktop/fri/4_semester/Prevajalniki_In_Navidezni_Stroji/dn/dn4/pins/data/abstr.xsl"?><abstr><node label="Source"><node label="Decls"><node label="VarDecl" lexeme="r1"><node label="AtomType" spec="INT"><location loc="2.9--2.11"/></node><location loc="2.1--2.3"/></node><node label="VarDecl" lexeme="r2"><node label="AtomType" spec="INT"><location loc="3.9--3.11"/></node><location loc="3.1--3.3"/></node><node label="VarDecl" lexeme="count"><node label="AtomType" spec="INT"><location loc="4.12--4.14"/></node><location loc="4.1--4.3"/></node><node label="FunDef" lexeme="fibb"><node label="ParDecls"><node label="ParDecl" lexeme="n"><node label="AtomType" spec="INT"><location loc="7.13--7.15"/></node><location loc="7.11--7.15"/></node><node label="ParDecl" lexeme="x"><node label="AtomType" spec="BOOL"><location loc="7.22--7.25"/></node><location loc="7.22--7.25"/></node><location loc="7.11--7.25"/></node><node label="AtomType" spec="INT"><location loc="7.30--7.32"/></node><node label="BlockExpr"><node label="Decls"><node label="TypDecl" lexeme="x"><node label="TypeName" lexeme="x"><location loc="14.21--14.21"/></node><location loc="14.13--14.15"/></node><node label="TypDecl" lexeme="z"><node label="TypeName" lexeme="a"><location loc="14.31--14.31"/></node><location loc="14.23--14.25"/></node><location loc="14.13--14.25"/></node><node label="Stmts"><node label="AssignStmt"><node label="VarName" lexeme="count"><location loc="8.1--8.5"/></node><node label="VarName" lexeme="n"><location loc="8.9--8.9"/></node><location loc="8.1--8.9"/></node><node label="AssignStmt"><node label="VarName" lexeme="c"><location loc="9.1--9.1"/></node><node label="VarName" lexeme="b"><location loc="9.5--9.5"/></node><location loc="9.1--9.5"/></node><location loc="8.1--9.5"/></node><node label="VarName" lexeme="x"><location loc="14.3--14.3"/></node><location loc="7.34--14.32"/></node><location loc="7.1--14.32"/></node><location loc="2.1--14.32"/></node><location loc="3.1--14.32"/></node></abstr>